1767985144,[786540, 1530, 242458, 3181532, 35658, 0, 14526, 0, 0, 0],39341225,8256
1767985149,[786587, 1530, 242487, 3182435, 35664, 0, 14527, 0, 0, 0],39343146,8288
1767985154,[786598, 1530, 242498, 3183400, 35665, 0, 14528, 0, 0, 0],39344186,8288
1767985159,[786742, 1530, 242539, 3184191, 35666, 0, 14531, 0, 0, 0],39351969,8224
OK ctxt:40911389
OK ctxt:40917680
OK ctxt:40926910
OK ctxt:40931525
OK ctxt:40937767
OK ctxt:40946846
OK ctxt:40952375
OK ctxt:40960729
OK ctxt:40972912
OK ctxt:40973867
OK ctxt:40979350
OK ctxt:40995271
OK ctxt:41009511
OK ctxt:41021351
OK ctxt:41034177
OK ctxt:41038730
OK ctxt:41045980
OK ctxt:41049618
OK ctxt:41052453
OK ctxt:41065311
OK ctxt:41105357
OK ctxt:41136403
OK ctxt:41170599
OK ctxt:41187829
OK ctxt:41210595
OK ctxt:41221839
OK ctxt:41226816
OK ctxt:41229662
OK ctxt:41234355
OK ctxt:41237960
OK ctxt:41257183
OK ctxt:41264989
OK ctxt:41266962
OK ctxt:41268313
OK ctxt:41269389
OK ctxt:41270241
OK ctxt:41270873
OK ctxt:41271733
OK ctxt:41272953
OK ctxt:41273829
OK ctxt:41275410
OK ctxt:41276073
OK ctxt:41276665
OK ctxt:41284555
OK ctxt:41296192
OK ctxt:41307264
OK ctxt:41322471
OK ctxt:41332727
OK ctxt:41350214
OK ctxt:41355288
OK ctxt:41358736
OK ctxt:41364046
OK ctxt:41376406
OK ctxt:41408550
OK ctxt:41439369
OK ctxt:41470229
OK ctxt:41501031
OK ctxt:41531089
OK ctxt:41561987
OK ctxt:41589630
OK ctxt:41617841
OK ctxt:41646694
OK ctxt:41676248
OK ctxt:41706487
OK ctxt:41735152
OK ctxt:41765438
OK ctxt:41794741
OK ctxt:41823483
OK ctxt:41851873
OK ctxt:41868418
OK ctxt:41870637
OK ctxt:41872592
OK ctxt:41874452
OK ctxt:41876291
OK ctxt:41878139
OK ctxt:41880012
OK ctxt:41882129
OK ctxt:41884128
OK ctxt:41886013
OK ctxt:41889695
OK ctxt:41898593
OK ctxt:41914743
OK ctxt:41924640
OK ctxt:41926225
OK ctxt:41948323
OK ctxt:41972842
OK ctxt:42004746
OK ctxt:42027735
OK ctxt:42032209
OK ctxt:42033925
OK ctxt:42036889
OK ctxt:42040774
OK ctxt:42044996
OK ctxt:42066236
OK ctxt:42074356
OK ctxt:42078562
OK ctxt:42079600
OK ctxt:42080421
OK ctxt:42081298
OK ctxt:42082011
OK ctxt:42085584
OK ctxt:42089615
OK ctxt:42090258
OK ctxt:42090908
OK ctxt:42091881
OK ctxt:42093405
OK ctxt:42094210
OK ctxt:42095632
OK ctxt:42096379
OK ctxt:42097243
OK ctxt:42098121
OK ctxt:42099024
OK ctxt:42106834
OK ctxt:42107715
OK ctxt:42108453
OK ctxt:42115486
OK ctxt:42116301
OK ctxt:42117329
OK ctxt:42118205
OK ctxt:42119071
OK ctxt:42119856
OK ctxt:42127817
OK ctxt:42131446
OK ctxt:42135605
OK ctxt:42146156
OK ctxt_rate:831
OK ctxt_rate:965
OK ctxt_rate:744
OK ctxt_rate:709
OK ctxt_rate:871
OK ctxt_rate:789
OK ctxt_rate:754
OK ctxt_rate:716
OK ctxt_rate:875
ALERT ctxt rate spike: 2157 avg:801
ALERT ctxt rate spike: 7080 avg:1058.2
OK ctxt_rate:961
OK ctxt_rate:809
OK ctxt_rate:863
OK ctxt_rate:736
OK ctxt_rate:879
OK ctxt_rate:851
OK ctxt_rate:696
OK ctxt_rate:1031
OK ctxt_rate:987
OK ctxt_rate:814
OK ctxt_rate:1000
OK ctxt_rate:843
ALERT ctxt rate spike: 1871 avg:935
ALERT ctxt rate spike: 7452 avg:1103
OK ctxt_rate:1189
OK ctxt_rate:1064
OK ctxt_rate:1052
OK ctxt_rate:888
OK ctxt_rate:832
OK ctxt_rate:1034
